<?xml version="1.0" encoding="UTF-8"?>
<testsuite xmlns:xsi="http://www.w3.org/2001/XMLSchema-instance" xsi:noNamespaceSchemaLocation="https://maven.apache.org/surefire/maven-surefire-plugin/xsd/surefire-test-report-3.0.xsd" version="3.0" name="TestSuite" time="37.814" tests="2" errors="0" skipped="0" failures="1">
  <properties>
    <property name="java.specification.version" value="17"/>
    <property name="sun.cpu.isalist" value="amd64"/>
    <property name="sun.jnu.encoding" value="Cp1252"/>
    <property name="java.class.path" value="C:\Users\Teknotrait Solutions\eclipse-workspace\Abinaya\tekno-automate\target\test-classes;C:\Users\Teknotrait Solutions\eclipse-workspace\Abinaya\tekno-automate\target\classes;C:\Users\Teknotrait Solutions\.m2\repository\org\seleniumhq\selenium\selenium-java\4.33.0\selenium-java-4.33.0.jar;C:\Users\Teknotrait Solutions\.m2\repository\org\seleniumhq\selenium\selenium-api\4.33.0\selenium-api-4.33.0.jar;C:\Users\Teknotrait Solutions\.m2\repository\org\jspecify\jspecify\1.0.0\jspecify-1.0.0.jar;C:\Users\Teknotrait Solutions\.m2\repository\org\seleniumhq\selenium\selenium-devtools-v135\4.33.0\selenium-devtools-v135-4.33.0.jar;C:\Users\Teknotrait Solutions\.m2\repository\org\seleniumhq\selenium\selenium-devtools-v136\4.33.0\selenium-devtools-v136-4.33.0.jar;C:\Users\Teknotrait Solutions\.m2\repository\org\seleniumhq\selenium\selenium-devtools-v137\4.33.0\selenium-devtools-v137-4.33.0.jar;C:\Users\Teknotrait Solutions\.m2\repository\org\seleniumhq\selenium\selenium-edge-driver\4.33.0\selenium-edge-driver-4.33.0.jar;C:\Users\Teknotrait Solutions\.m2\repository\org\seleniumhq\selenium\selenium-firefox-driver\4.33.0\selenium-firefox-driver-4.33.0.jar;C:\Users\Teknotrait Solutions\.m2\repository\org\seleniumhq\selenium\selenium-http\4.33.0\selenium-http-4.33.0.jar;C:\Users\Teknotrait Solutions\.m2\repository\org\seleniumhq\selenium\selenium-ie-driver\4.33.0\selenium-ie-driver-4.33.0.jar;C:\Users\Teknotrait Solutions\.m2\repository\org\seleniumhq\selenium\selenium-remote-driver\4.33.0\selenium-remote-driver-4.33.0.jar;C:\Users\Teknotrait Solutions\.m2\repository\com\google\guava\guava\33.4.8-jre\guava-33.4.8-jre.jar;C:\Users\Teknotrait Solutions\.m2\repository\com\google\guava\failureaccess\1.0.3\failureaccess-1.0.3.jar;C:\Users\Teknotrait Solutions\.m2\repository\com\google\guava\listenablefuture\9999.0-empty-to-avoid-conflict-with-guava\listenablefuture-9999.0-empty-to-avoid-conflict-with-guava.jar;C:\Users\Teknotrait Solutions\.m2\repository\com\google\errorprone\error_prone_annotations\2.36.0\error_prone_annotations-2.36.0.jar;C:\Users\Teknotrait Solutions\.m2\repository\com\google\j2objc\j2objc-annotations\3.0.0\j2objc-annotations-3.0.0.jar;C:\Users\Teknotrait Solutions\.m2\repository\io\opentelemetry\opentelemetry-api\1.50.0\opentelemetry-api-1.50.0.jar;C:\Users\Teknotrait Solutions\.m2\repository\io\opentelemetry\opentelemetry-context\1.50.0\opentelemetry-context-1.50.0.jar;C:\Users\Teknotrait Solutions\.m2\repository\io\opentelemetry\opentelemetry-exporter-logging\1.50.0\opentelemetry-exporter-logging-1.50.0.jar;C:\Users\Teknotrait Solutions\.m2\repository\io\opentelemetry\opentelemetry-sdk-common\1.50.0\opentelemetry-sdk-common-1.50.0.jar;C:\Users\Teknotrait Solutions\.m2\repository\io\opentelemetry\opentelemetry-sdk-extension-autoconfigure-spi\1.50.0\opentelemetry-sdk-extension-autoconfigure-spi-1.50.0.jar;C:\Users\Teknotrait Solutions\.m2\repository\io\opentelemetry\opentelemetry-sdk-extension-autoconfigure\1.50.0\opentelemetry-sdk-extension-autoconfigure-1.50.0.jar;C:\Users\Teknotrait Solutions\.m2\repository\io\opentelemetry\opentelemetry-sdk-trace\1.50.0\opentelemetry-sdk-trace-1.50.0.jar;C:\Users\Teknotrait Solutions\.m2\repository\io\opentelemetry\opentelemetry-sdk\1.50.0\opentelemetry-sdk-1.50.0.jar;C:\Users\Teknotrait Solutions\.m2\repository\io\opentelemetry\opentelemetry-sdk-metrics\1.50.0\opentelemetry-sdk-metrics-1.50.0.jar;C:\Users\Teknotrait Solutions\.m2\repository\io\opentelemetry\opentelemetry-sdk-logs\1.50.0\opentelemetry-sdk-logs-1.50.0.jar;C:\Users\Teknotrait Solutions\.m2\repository\net\bytebuddy\byte-buddy\1.17.5\byte-buddy-1.17.5.jar;C:\Users\Teknotrait Solutions\.m2\repository\org\seleniumhq\selenium\selenium-os\4.33.0\selenium-os-4.33.0.jar;C:\Users\Teknotrait Solutions\.m2\repository\org\apache\commons\commons-exec\1.4.0\commons-exec-1.4.0.jar;C:\Users\Teknotrait Solutions\.m2\repository\org\seleniumhq\selenium\selenium-safari-driver\4.33.0\selenium-safari-driver-4.33.0.jar;C:\Users\Teknotrait Solutions\.m2\repository\org\seleniumhq\selenium\selenium-support\4.33.0\selenium-support-4.33.0.jar;C:\Users\Teknotrait Solutions\.m2\repository\org\seleniumhq\selenium\selenium-chrome-driver\4.33.0\selenium-chrome-driver-4.33.0.jar;C:\Users\Teknotrait Solutions\.m2\repository\com\google\auto\service\auto-service-annotations\1.1.1\auto-service-annotations-1.1.1.jar;C:\Users\Teknotrait Solutions\.m2\repository\org\seleniumhq\selenium\selenium-chromium-driver\4.33.0\selenium-chromium-driver-4.33.0.jar;C:\Users\Teknotrait Solutions\.m2\repository\org\seleniumhq\selenium\selenium-json\4.33.0\selenium-json-4.33.0.jar;C:\Users\Teknotrait Solutions\.m2\repository\org\seleniumhq\selenium\selenium-manager\4.33.0\selenium-manager-4.33.0.jar;C:\Users\Teknotrait Solutions\.m2\repository\org\testng\testng\7.11.0\testng-7.11.0.jar;C:\Users\Teknotrait Solutions\.m2\repository\org\slf4j\slf4j-api\2.0.16\slf4j-api-2.0.16.jar;C:\Users\Teknotrait Solutions\.m2\repository\org\jcommander\jcommander\1.83\jcommander-1.83.jar;C:\Users\Teknotrait Solutions\.m2\repository\org\webjars\jquery\3.7.1\jquery-3.7.1.jar;C:\Users\Teknotrait Solutions\.m2\repository\io\cucumber\cucumber-java\7.23.0\cucumber-java-7.23.0.jar;C:\Users\Teknotrait Solutions\.m2\repository\org\apiguardian\apiguardian-api\1.1.2\apiguardian-api-1.1.2.jar;C:\Users\Teknotrait Solutions\.m2\repository\io\cucumber\cucumber-core\7.23.0\cucumber-core-7.23.0.jar;C:\Users\Teknotrait Solutions\.m2\repository\io\cucumber\cucumber-gherkin\7.23.0\cucumber-gherkin-7.23.0.jar;C:\Users\Teknotrait Solutions\.m2\repository\io\cucumber\cucumber-gherkin-messages\7.23.0\cucumber-gherkin-messages-7.23.0.jar;C:\Users\Teknotrait Solutions\.m2\repository\io\cucumber\gherkin\32.1.1\gherkin-32.1.1.jar;C:\Users\Teknotrait Solutions\.m2\repository\io\cucumber\messages\27.2.0\messages-27.2.0.jar;C:\Users\Teknotrait Solutions\.m2\repository\io\cucumber\testng-xml-formatter\0.3.1\testng-xml-formatter-0.3.1.jar;C:\Users\Teknotrait Solutions\.m2\repository\io\cucumber\query\13.5.0\query-13.5.0.jar;C:\Users\Teknotrait Solutions\.m2\repository\io\cucumber\tag-expressions\6.1.2\tag-expressions-6.1.2.jar;C:\Users\Teknotrait Solutions\.m2\repository\io\cucumber\cucumber-expressions\18.0.1\cucumber-expressions-18.0.1.jar;C:\Users\Teknotrait Solutions\.m2\repository\io\cucumber\datatable\7.23.0\datatable-7.23.0.jar;C:\Users\Teknotrait Solutions\.m2\repository\io\cucumber\cucumber-plugin\7.23.0\cucumber-plugin-7.23.0.jar;C:\Users\Teknotrait Solutions\.m2\repository\io\cucumber\docstring\7.23.0\docstring-7.23.0.jar;C:\Users\Teknotrait Solutions\.m2\repository\io\cucumber\html-formatter\21.10.1\html-formatter-21.10.1.jar;C:\Users\Teknotrait Solutions\.m2\repository\io\cucumber\junit-xml-formatter\0.7.1\junit-xml-formatter-0.7.1.jar;C:\Users\Teknotrait Solutions\.m2\repository\io\cucumber\ci-environment\10.0.1\ci-environment-10.0.1.jar;C:\Users\Teknotrait Solutions\.m2\repository\io\cucumber\cucumber-testng\7.23.0\cucumber-testng-7.23.0.jar;C:\Users\Teknotrait Solutions\.m2\repository\org\apache\maven\plugins\maven-surefire-plugin\3.5.3\maven-surefire-plugin-3.5.3.jar;C:\Users\Teknotrait Solutions\.m2\repository\org\apache\maven\surefire\surefire-api\3.5.3\surefire-api-3.5.3.jar;C:\Users\Teknotrait Solutions\.m2\repository\org\apache\maven\surefire\surefire-logger-api\3.5.3\surefire-logger-api-3.5.3.jar;C:\Users\Teknotrait Solutions\.m2\repository\org\apache\maven\surefire\surefire-shared-utils\3.5.3\surefire-shared-utils-3.5.3.jar;C:\Users\Teknotrait Solutions\.m2\repository\org\apache\maven\surefire\surefire-extensions-api\3.5.3\surefire-extensions-api-3.5.3.jar;C:\Users\Teknotrait Solutions\.m2\repository\org\apache\maven\surefire\maven-surefire-common\3.5.3\maven-surefire-common-3.5.3.jar;C:\Users\Teknotrait Solutions\.m2\repository\org\apache\maven\surefire\surefire-booter\3.5.3\surefire-booter-3.5.3.jar;C:\Users\Teknotrait Solutions\.m2\repository\org\apache\maven\surefire\surefire-extensions-spi\3.5.3\surefire-extensions-spi-3.5.3.jar;C:\Users\Teknotrait Solutions\.m2\repository\org\apache\maven\resolver\maven-resolver-util\1.4.1\maven-resolver-util-1.4.1.jar;C:\Users\Teknotrait Solutions\.m2\repository\org\apache\maven\resolver\maven-resolver-api\1.4.1\maven-resolver-api-1.4.1.jar;C:\Users\Teknotrait Solutions\.m2\repository\org\apache\maven\shared\maven-common-artifact-filters\3.4.0\maven-common-artifact-filters-3.4.0.jar;C:\Users\Teknotrait Solutions\.m2\repository\org\codehaus\plexus\plexus-java\1.4.0\plexus-java-1.4.0.jar;C:\Users\Teknotrait Solutions\.m2\repository\org\ow2\asm\asm\9.7.1\asm-9.7.1.jar;C:\Users\Teknotrait Solutions\.m2\repository\com\thoughtworks\qdox\qdox\2.2.0\qdox-2.2.0.jar;C:\Users\Teknotrait Solutions\.m2\repository\org\apache\logging\log4j\log4j-core\2.25.0\log4j-core-2.25.0.jar;C:\Users\Teknotrait Solutions\.m2\repository\org\apache\logging\log4j\log4j-api\2.25.0\log4j-api-2.25.0.jar;C:\Users\Teknotrait Solutions\.m2\repository\org\apache\logging\log4j\log4j-slf4j2-impl\2.25.0\log4j-slf4j2-impl-2.25.0.jar;C:\Users\Teknotrait Solutions\.m2\repository\com\aventstack\extentreports\5.1.2\extentreports-5.1.2.jar;C:\Users\Teknotrait Solutions\.m2\repository\io\reactivex\rxjava3\rxjava\3.1.6\rxjava-3.1.6.jar;C:\Users\Teknotrait Solutions\.m2\repository\org\reactivestreams\reactive-streams\1.0.4\reactive-streams-1.0.4.jar;C:\Users\Teknotrait Solutions\.m2\repository\org\freemarker\freemarker\2.3.32\freemarker-2.3.32.jar;C:\Users\Teknotrait Solutions\.m2\repository\org\projectlombok\lombok\1.18.26\lombok-1.18.26.jar;C:\Users\Teknotrait Solutions\.m2\repository\com\google\code\gson\gson\2.10.1\gson-2.10.1.jar;C:\Users\Teknotrait Solutions\.m2\repository\io\github\bonigarcia\webdrivermanager\6.1.0\webdrivermanager-6.1.0.jar;C:\Users\Teknotrait Solutions\.m2\repository\com\github\docker-java\docker-java\3.5.0\docker-java-3.5.0.jar;C:\Users\Teknotrait Solutions\.m2\repository\com\github\docker-java\docker-java-core\3.5.0\docker-java-core-3.5.0.jar;C:\Users\Teknotrait Solutions\.m2\repository\com\github\docker-java\docker-java-api\3.5.0\docker-java-api-3.5.0.jar;C:\Users\Teknotrait Solutions\.m2\repository\com\fasterxml\jackson\core\jackson-annotations\2.18.3\jackson-annotations-2.18.3.jar;C:\Users\Teknotrait Solutions\.m2\repository\com\fasterxml\jackson\core\jackson-databind\2.18.3\jackson-databind-2.18.3.jar;C:\Users\Teknotrait Solutions\.m2\repository\com\fasterxml\jackson\core\jackson-core\2.18.3\jackson-core-2.18.3.jar;C:\Users\Teknotrait Solutions\.m2\repository\org\slf4j\jcl-over-slf4j\1.7.30\jcl-over-slf4j-1.7.30.jar;C:\Users\Teknotrait Solutions\.m2\repository\com\github\docker-java\docker-java-transport-httpclient5\3.5.0\docker-java-transport-httpclient5-3.5.0.jar;C:\Users\Teknotrait Solutions\.m2\repository\com\github\docker-java\docker-java-transport\3.5.0\docker-java-transport-3.5.0.jar;C:\Users\Teknotrait Solutions\.m2\repository\net\java\dev\jna\jna\5.17.0\jna-5.17.0.jar;C:\Users\Teknotrait Solutions\.m2\repository\org\brotli\dec\0.1.2\dec-0.1.2.jar;C:\Users\Teknotrait Solutions\.m2\repository\org\apache\commons\commons-lang3\3.17.0\commons-lang3-3.17.0.jar;C:\Users\Teknotrait Solutions\.m2\repository\org\apache\commons\commons-compress\1.27.1\commons-compress-1.27.1.jar;C:\Users\Teknotrait Solutions\.m2\repository\commons-codec\commons-codec\1.17.1\commons-codec-1.17.1.jar;C:\Users\Teknotrait Solutions\.m2\repository\commons-io\commons-io\2.16.1\commons-io-2.16.1.jar;C:\Users\Teknotrait Solutions\.m2\repository\org\apache\httpcomponents\client5\httpclient5\5.4.3\httpclient5-5.4.3.jar;C:\Users\Teknotrait Solutions\.m2\repository\org\apache\httpcomponents\core5\httpcore5\5.3.4\httpcore5-5.3.4.jar;C:\Users\Teknotrait Solutions\.m2\repository\org\apache\httpcomponents\core5\httpcore5-h2\5.3.4\httpcore5-h2-5.3.4.jar;C:\Users\Teknotrait Solutions\.m2\repository\net\java\dev\jna\jna-platform\5.13.0\jna-platform-5.13.0.jar;C:\Users\Teknotrait Solutions\.m2\repository\com\sun\mail\jakarta.mail\2.0.1\jakarta.mail-2.0.1.jar;C:\Users\Teknotrait Solutions\.m2\repository\com\sun\activation\jakarta.activation\2.0.1\jakarta.activation-2.0.1.jar;C:\Users\Teknotrait Solutions\.m2\repository\com\sun\mail\javax.mail\1.6.2\javax.mail-1.6.2.jar;C:\Users\Teknotrait Solutions\.m2\repository\javax\activation\activation\1.1\activation-1.1.jar;C:\Users\Teknotrait Solutions\.m2\repository\org\zeroturnaround\zt-zip\1.17\zt-zip-1.17.jar;C:\Users\Teknotrait Solutions\.m2\repository\com\influxdb\influxdb-client-java\6.12.0\influxdb-client-java-6.12.0.jar;C:\Users\Teknotrait Solutions\.m2\repository\com\influxdb\influxdb-client-core\6.12.0\influxdb-client-core-6.12.0.jar;C:\Users\Teknotrait Solutions\.m2\repository\com\influxdb\influxdb-client-utils\6.12.0\influxdb-client-utils-6.12.0.jar;C:\Users\Teknotrait Solutions\.m2\repository\com\squareup\okio\okio\3.6.0\okio-3.6.0.jar;C:\Users\Teknotrait Solutions\.m2\repository\com\squareup\okio\okio-jvm\3.6.0\okio-jvm-3.6.0.jar;C:\Users\Teknotrait Solutions\.m2\repository\com\squareup\okhttp3\okhttp\4.11.0\okhttp-4.11.0.jar;C:\Users\Teknotrait Solutions\.m2\repository\org\jetbrains\kotlin\kotlin-stdlib\1.6.20\kotlin-stdlib-1.6.20.jar;C:\Users\Teknotrait Solutions\.m2\repository\org\jetbrains\kotlin\kotlin-stdlib-common\1.6.20\kotlin-stdlib-common-1.6.20.jar;C:\Users\Teknotrait Solutions\.m2\repository\org\jetbrains\annotations\13.0\annotations-13.0.jar;C:\Users\Teknotrait Solutions\.m2\repository\org\jetbrains\kotlin\kotlin-stdlib-jdk8\1.6.20\kotlin-stdlib-jdk8-1.6.20.jar;C:\Users\Teknotrait Solutions\.m2\repository\org\jetbrains\kotlin\kotlin-stdlib-jdk7\1.6.20\kotlin-stdlib-jdk7-1.6.20.jar;C:\Users\Teknotrait Solutions\.m2\repository\com\squareup\retrofit2\retrofit\2.9.0\retrofit-2.9.0.jar;C:\Users\Teknotrait Solutions\.m2\repository\com\squareup\okhttp3\logging-interceptor\4.11.0\logging-interceptor-4.11.0.jar;C:\Users\Teknotrait Solutions\.m2\repository\org\apache\commons\commons-csv\1.10.0\commons-csv-1.10.0.jar;C:\Users\Teknotrait Solutions\.m2\repository\com\squareup\retrofit2\adapter-rxjava3\2.9.0\adapter-rxjava3-2.9.0.jar;C:\Users\Teknotrait Solutions\.m2\repository\com\squareup\retrofit2\converter-scalars\2.9.0\converter-scalars-2.9.0.jar;C:\Users\Teknotrait Solutions\.m2\repository\com\squareup\retrofit2\converter-gson\2.9.0\converter-gson-2.9.0.jar;C:\Users\Teknotrait Solutions\.m2\repository\com\google\code\findbugs\jsr305\3.0.2\jsr305-3.0.2.jar;C:\Users\Teknotrait Solutions\.m2\repository\junit\junit\3.8.1\junit-3.8.1.jar;"/>
    <property name="java.vm.vendor" value="Oracle Corporation"/>
    <property name="sun.arch.data.model" value="64"/>
    <property name="user.variant" value=""/>
    <property name="java.vendor.url" value="https://java.oracle.com/"/>
    <property name="user.timezone" value="Asia/Calcutta"/>
    <property name="os.name" value="Windows 11"/>
    <property name="java.vm.specification.version" value="17"/>
    <property name="sun.java.launcher" value="SUN_STANDARD"/>
    <property name="user.country" value="US"/>
    <property name="sun.boot.library.path" value="C:\Program Files\Java\jdk-17\bin"/>
    <property name="sun.java.command" value="C:\Users\Teknotrait Solutions\AppData\Local\Temp\surefire15020689290044253866\surefirebooter-20250806181409147_3.jar C:\Users\Teknotrait Solutions\AppData\Local\Temp\surefire15020689290044253866 2025-08-06T18-14-08_974-jvmRun1 surefire-20250806181409147_1tmp surefire_0-20250806181409147_2tmp"/>
    <property name="jdk.debug" value="release"/>
    <property name="surefire.test.class.path" value="C:\Users\Teknotrait Solutions\eclipse-workspace\Abinaya\tekno-automate\target\test-classes;C:\Users\Teknotrait Solutions\eclipse-workspace\Abinaya\tekno-automate\target\classes;C:\Users\Teknotrait Solutions\.m2\repository\org\seleniumhq\selenium\selenium-java\4.33.0\selenium-java-4.33.0.jar;C:\Users\Teknotrait Solutions\.m2\repository\org\seleniumhq\selenium\selenium-api\4.33.0\selenium-api-4.33.0.jar;C:\Users\Teknotrait Solutions\.m2\repository\org\jspecify\jspecify\1.0.0\jspecify-1.0.0.jar;C:\Users\Teknotrait Solutions\.m2\repository\org\seleniumhq\selenium\selenium-devtools-v135\4.33.0\selenium-devtools-v135-4.33.0.jar;C:\Users\Teknotrait Solutions\.m2\repository\org\seleniumhq\selenium\selenium-devtools-v136\4.33.0\selenium-devtools-v136-4.33.0.jar;C:\Users\Teknotrait Solutions\.m2\repository\org\seleniumhq\selenium\selenium-devtools-v137\4.33.0\selenium-devtools-v137-4.33.0.jar;C:\Users\Teknotrait Solutions\.m2\repository\org\seleniumhq\selenium\selenium-edge-driver\4.33.0\selenium-edge-driver-4.33.0.jar;C:\Users\Teknotrait Solutions\.m2\repository\org\seleniumhq\selenium\selenium-firefox-driver\4.33.0\selenium-firefox-driver-4.33.0.jar;C:\Users\Teknotrait Solutions\.m2\repository\org\seleniumhq\selenium\selenium-http\4.33.0\selenium-http-4.33.0.jar;C:\Users\Teknotrait Solutions\.m2\repository\org\seleniumhq\selenium\selenium-ie-driver\4.33.0\selenium-ie-driver-4.33.0.jar;C:\Users\Teknotrait Solutions\.m2\repository\org\seleniumhq\selenium\selenium-remote-driver\4.33.0\selenium-remote-driver-4.33.0.jar;C:\Users\Teknotrait Solutions\.m2\repository\com\google\guava\guava\33.4.8-jre\guava-33.4.8-jre.jar;C:\Users\Teknotrait Solutions\.m2\repository\com\google\guava\failureaccess\1.0.3\failureaccess-1.0.3.jar;C:\Users\Teknotrait Solutions\.m2\repository\com\google\guava\listenablefuture\9999.0-empty-to-avoid-conflict-with-guava\listenablefuture-9999.0-empty-to-avoid-conflict-with-guava.jar;C:\Users\Teknotrait Solutions\.m2\repository\com\google\errorprone\error_prone_annotations\2.36.0\error_prone_annotations-2.36.0.jar;C:\Users\Teknotrait Solutions\.m2\repository\com\google\j2objc\j2objc-annotations\3.0.0\j2objc-annotations-3.0.0.jar;C:\Users\Teknotrait Solutions\.m2\repository\io\opentelemetry\opentelemetry-api\1.50.0\opentelemetry-api-1.50.0.jar;C:\Users\Teknotrait Solutions\.m2\repository\io\opentelemetry\opentelemetry-context\1.50.0\opentelemetry-context-1.50.0.jar;C:\Users\Teknotrait Solutions\.m2\repository\io\opentelemetry\opentelemetry-exporter-logging\1.50.0\opentelemetry-exporter-logging-1.50.0.jar;C:\Users\Teknotrait Solutions\.m2\repository\io\opentelemetry\opentelemetry-sdk-common\1.50.0\opentelemetry-sdk-common-1.50.0.jar;C:\Users\Teknotrait Solutions\.m2\repository\io\opentelemetry\opentelemetry-sdk-extension-autoconfigure-spi\1.50.0\opentelemetry-sdk-extension-autoconfigure-spi-1.50.0.jar;C:\Users\Teknotrait Solutions\.m2\repository\io\opentelemetry\opentelemetry-sdk-extension-autoconfigure\1.50.0\opentelemetry-sdk-extension-autoconfigure-1.50.0.jar;C:\Users\Teknotrait Solutions\.m2\repository\io\opentelemetry\opentelemetry-sdk-trace\1.50.0\opentelemetry-sdk-trace-1.50.0.jar;C:\Users\Teknotrait Solutions\.m2\repository\io\opentelemetry\opentelemetry-sdk\1.50.0\opentelemetry-sdk-1.50.0.jar;C:\Users\Teknotrait Solutions\.m2\repository\io\opentelemetry\opentelemetry-sdk-metrics\1.50.0\opentelemetry-sdk-metrics-1.50.0.jar;C:\Users\Teknotrait Solutions\.m2\repository\io\opentelemetry\opentelemetry-sdk-logs\1.50.0\opentelemetry-sdk-logs-1.50.0.jar;C:\Users\Teknotrait Solutions\.m2\repository\net\bytebuddy\byte-buddy\1.17.5\byte-buddy-1.17.5.jar;C:\Users\Teknotrait Solutions\.m2\repository\org\seleniumhq\selenium\selenium-os\4.33.0\selenium-os-4.33.0.jar;C:\Users\Teknotrait Solutions\.m2\repository\org\apache\commons\commons-exec\1.4.0\commons-exec-1.4.0.jar;C:\Users\Teknotrait Solutions\.m2\repository\org\seleniumhq\selenium\selenium-safari-driver\4.33.0\selenium-safari-driver-4.33.0.jar;C:\Users\Teknotrait Solutions\.m2\repository\org\seleniumhq\selenium\selenium-support\4.33.0\selenium-support-4.33.0.jar;C:\Users\Teknotrait Solutions\.m2\repository\org\seleniumhq\selenium\selenium-chrome-driver\4.33.0\selenium-chrome-driver-4.33.0.jar;C:\Users\Teknotrait Solutions\.m2\repository\com\google\auto\service\auto-service-annotations\1.1.1\auto-service-annotations-1.1.1.jar;C:\Users\Teknotrait Solutions\.m2\repository\org\seleniumhq\selenium\selenium-chromium-driver\4.33.0\selenium-chromium-driver-4.33.0.jar;C:\Users\Teknotrait Solutions\.m2\repository\org\seleniumhq\selenium\selenium-json\4.33.0\selenium-json-4.33.0.jar;C:\Users\Teknotrait Solutions\.m2\repository\org\seleniumhq\selenium\selenium-manager\4.33.0\selenium-manager-4.33.0.jar;C:\Users\Teknotrait Solutions\.m2\repository\org\testng\testng\7.11.0\testng-7.11.0.jar;C:\Users\Teknotrait Solutions\.m2\repository\org\slf4j\slf4j-api\2.0.16\slf4j-api-2.0.16.jar;C:\Users\Teknotrait Solutions\.m2\repository\org\jcommander\jcommander\1.83\jcommander-1.83.jar;C:\Users\Teknotrait Solutions\.m2\repository\org\webjars\jquery\3.7.1\jquery-3.7.1.jar;C:\Users\Teknotrait Solutions\.m2\repository\io\cucumber\cucumber-java\7.23.0\cucumber-java-7.23.0.jar;C:\Users\Teknotrait Solutions\.m2\repository\org\apiguardian\apiguardian-api\1.1.2\apiguardian-api-1.1.2.jar;C:\Users\Teknotrait Solutions\.m2\repository\io\cucumber\cucumber-core\7.23.0\cucumber-core-7.23.0.jar;C:\Users\Teknotrait Solutions\.m2\repository\io\cucumber\cucumber-gherkin\7.23.0\cucumber-gherkin-7.23.0.jar;C:\Users\Teknotrait Solutions\.m2\repository\io\cucumber\cucumber-gherkin-messages\7.23.0\cucumber-gherkin-messages-7.23.0.jar;C:\Users\Teknotrait Solutions\.m2\repository\io\cucumber\gherkin\32.1.1\gherkin-32.1.1.jar;C:\Users\Teknotrait Solutions\.m2\repository\io\cucumber\messages\27.2.0\messages-27.2.0.jar;C:\Users\Teknotrait Solutions\.m2\repository\io\cucumber\testng-xml-formatter\0.3.1\testng-xml-formatter-0.3.1.jar;C:\Users\Teknotrait Solutions\.m2\repository\io\cucumber\query\13.5.0\query-13.5.0.jar;C:\Users\Teknotrait Solutions\.m2\repository\io\cucumber\tag-expressions\6.1.2\tag-expressions-6.1.2.jar;C:\Users\Teknotrait Solutions\.m2\repository\io\cucumber\cucumber-expressions\18.0.1\cucumber-expressions-18.0.1.jar;C:\Users\Teknotrait Solutions\.m2\repository\io\cucumber\datatable\7.23.0\datatable-7.23.0.jar;C:\Users\Teknotrait Solutions\.m2\repository\io\cucumber\cucumber-plugin\7.23.0\cucumber-plugin-7.23.0.jar;C:\Users\Teknotrait Solutions\.m2\repository\io\cucumber\docstring\7.23.0\docstring-7.23.0.jar;C:\Users\Teknotrait Solutions\.m2\repository\io\cucumber\html-formatter\21.10.1\html-formatter-21.10.1.jar;C:\Users\Teknotrait Solutions\.m2\repository\io\cucumber\junit-xml-formatter\0.7.1\junit-xml-formatter-0.7.1.jar;C:\Users\Teknotrait Solutions\.m2\repository\io\cucumber\ci-environment\10.0.1\ci-environment-10.0.1.jar;C:\Users\Teknotrait Solutions\.m2\repository\io\cucumber\cucumber-testng\7.23.0\cucumber-testng-7.23.0.jar;C:\Users\Teknotrait Solutions\.m2\repository\org\apache\maven\plugins\maven-surefire-plugin\3.5.3\maven-surefire-plugin-3.5.3.jar;C:\Users\Teknotrait Solutions\.m2\repository\org\apache\maven\surefire\surefire-api\3.5.3\surefire-api-3.5.3.jar;C:\Users\Teknotrait Solutions\.m2\repository\org\apache\maven\surefire\surefire-logger-api\3.5.3\surefire-logger-api-3.5.3.jar;C:\Users\Teknotrait Solutions\.m2\repository\org\apache\maven\surefire\surefire-shared-utils\3.5.3\surefire-shared-utils-3.5.3.jar;C:\Users\Teknotrait Solutions\.m2\repository\org\apache\maven\surefire\surefire-extensions-api\3.5.3\surefire-extensions-api-3.5.3.jar;C:\Users\Teknotrait Solutions\.m2\repository\org\apache\maven\surefire\maven-surefire-common\3.5.3\maven-surefire-common-3.5.3.jar;C:\Users\Teknotrait Solutions\.m2\repository\org\apache\maven\surefire\surefire-booter\3.5.3\surefire-booter-3.5.3.jar;C:\Users\Teknotrait Solutions\.m2\repository\org\apache\maven\surefire\surefire-extensions-spi\3.5.3\surefire-extensions-spi-3.5.3.jar;C:\Users\Teknotrait Solutions\.m2\repository\org\apache\maven\resolver\maven-resolver-util\1.4.1\maven-resolver-util-1.4.1.jar;C:\Users\Teknotrait Solutions\.m2\repository\org\apache\maven\resolver\maven-resolver-api\1.4.1\maven-resolver-api-1.4.1.jar;C:\Users\Teknotrait Solutions\.m2\repository\org\apache\maven\shared\maven-common-artifact-filters\3.4.0\maven-common-artifact-filters-3.4.0.jar;C:\Users\Teknotrait Solutions\.m2\repository\org\codehaus\plexus\plexus-java\1.4.0\plexus-java-1.4.0.jar;C:\Users\Teknotrait Solutions\.m2\repository\org\ow2\asm\asm\9.7.1\asm-9.7.1.jar;C:\Users\Teknotrait Solutions\.m2\repository\com\thoughtworks\qdox\qdox\2.2.0\qdox-2.2.0.jar;C:\Users\Teknotrait Solutions\.m2\repository\org\apache\logging\log4j\log4j-core\2.25.0\log4j-core-2.25.0.jar;C:\Users\Teknotrait Solutions\.m2\repository\org\apache\logging\log4j\log4j-api\2.25.0\log4j-api-2.25.0.jar;C:\Users\Teknotrait Solutions\.m2\repository\org\apache\logging\log4j\log4j-slf4j2-impl\2.25.0\log4j-slf4j2-impl-2.25.0.jar;C:\Users\Teknotrait Solutions\.m2\repository\com\aventstack\extentreports\5.1.2\extentreports-5.1.2.jar;C:\Users\Teknotrait Solutions\.m2\repository\io\reactivex\rxjava3\rxjava\3.1.6\rxjava-3.1.6.jar;C:\Users\Teknotrait Solutions\.m2\repository\org\reactivestreams\reactive-streams\1.0.4\reactive-streams-1.0.4.jar;C:\Users\Teknotrait Solutions\.m2\repository\org\freemarker\freemarker\2.3.32\freemarker-2.3.32.jar;C:\Users\Teknotrait Solutions\.m2\repository\org\projectlombok\lombok\1.18.26\lombok-1.18.26.jar;C:\Users\Teknotrait Solutions\.m2\repository\com\google\code\gson\gson\2.10.1\gson-2.10.1.jar;C:\Users\Teknotrait Solutions\.m2\repository\io\github\bonigarcia\webdrivermanager\6.1.0\webdrivermanager-6.1.0.jar;C:\Users\Teknotrait Solutions\.m2\repository\com\github\docker-java\docker-java\3.5.0\docker-java-3.5.0.jar;C:\Users\Teknotrait Solutions\.m2\repository\com\github\docker-java\docker-java-core\3.5.0\docker-java-core-3.5.0.jar;C:\Users\Teknotrait Solutions\.m2\repository\com\github\docker-java\docker-java-api\3.5.0\docker-java-api-3.5.0.jar;C:\Users\Teknotrait Solutions\.m2\repository\com\fasterxml\jackson\core\jackson-annotations\2.18.3\jackson-annotations-2.18.3.jar;C:\Users\Teknotrait Solutions\.m2\repository\com\fasterxml\jackson\core\jackson-databind\2.18.3\jackson-databind-2.18.3.jar;C:\Users\Teknotrait Solutions\.m2\repository\com\fasterxml\jackson\core\jackson-core\2.18.3\jackson-core-2.18.3.jar;C:\Users\Teknotrait Solutions\.m2\repository\org\slf4j\jcl-over-slf4j\1.7.30\jcl-over-slf4j-1.7.30.jar;C:\Users\Teknotrait Solutions\.m2\repository\com\github\docker-java\docker-java-transport-httpclient5\3.5.0\docker-java-transport-httpclient5-3.5.0.jar;C:\Users\Teknotrait Solutions\.m2\repository\com\github\docker-java\docker-java-transport\3.5.0\docker-java-transport-3.5.0.jar;C:\Users\Teknotrait Solutions\.m2\repository\net\java\dev\jna\jna\5.17.0\jna-5.17.0.jar;C:\Users\Teknotrait Solutions\.m2\repository\org\brotli\dec\0.1.2\dec-0.1.2.jar;C:\Users\Teknotrait Solutions\.m2\repository\org\apache\commons\commons-lang3\3.17.0\commons-lang3-3.17.0.jar;C:\Users\Teknotrait Solutions\.m2\repository\org\apache\commons\commons-compress\1.27.1\commons-compress-1.27.1.jar;C:\Users\Teknotrait Solutions\.m2\repository\commons-codec\commons-codec\1.17.1\commons-codec-1.17.1.jar;C:\Users\Teknotrait Solutions\.m2\repository\commons-io\commons-io\2.16.1\commons-io-2.16.1.jar;C:\Users\Teknotrait Solutions\.m2\repository\org\apache\httpcomponents\client5\httpclient5\5.4.3\httpclient5-5.4.3.jar;C:\Users\Teknotrait Solutions\.m2\repository\org\apache\httpcomponents\core5\httpcore5\5.3.4\httpcore5-5.3.4.jar;C:\Users\Teknotrait Solutions\.m2\repository\org\apache\httpcomponents\core5\httpcore5-h2\5.3.4\httpcore5-h2-5.3.4.jar;C:\Users\Teknotrait Solutions\.m2\repository\net\java\dev\jna\jna-platform\5.13.0\jna-platform-5.13.0.jar;C:\Users\Teknotrait Solutions\.m2\repository\com\sun\mail\jakarta.mail\2.0.1\jakarta.mail-2.0.1.jar;C:\Users\Teknotrait Solutions\.m2\repository\com\sun\activation\jakarta.activation\2.0.1\jakarta.activation-2.0.1.jar;C:\Users\Teknotrait Solutions\.m2\repository\com\sun\mail\javax.mail\1.6.2\javax.mail-1.6.2.jar;C:\Users\Teknotrait Solutions\.m2\repository\javax\activation\activation\1.1\activation-1.1.jar;C:\Users\Teknotrait Solutions\.m2\repository\org\zeroturnaround\zt-zip\1.17\zt-zip-1.17.jar;C:\Users\Teknotrait Solutions\.m2\repository\com\influxdb\influxdb-client-java\6.12.0\influxdb-client-java-6.12.0.jar;C:\Users\Teknotrait Solutions\.m2\repository\com\influxdb\influxdb-client-core\6.12.0\influxdb-client-core-6.12.0.jar;C:\Users\Teknotrait Solutions\.m2\repository\com\influxdb\influxdb-client-utils\6.12.0\influxdb-client-utils-6.12.0.jar;C:\Users\Teknotrait Solutions\.m2\repository\com\squareup\okio\okio\3.6.0\okio-3.6.0.jar;C:\Users\Teknotrait Solutions\.m2\repository\com\squareup\okio\okio-jvm\3.6.0\okio-jvm-3.6.0.jar;C:\Users\Teknotrait Solutions\.m2\repository\com\squareup\okhttp3\okhttp\4.11.0\okhttp-4.11.0.jar;C:\Users\Teknotrait Solutions\.m2\repository\org\jetbrains\kotlin\kotlin-stdlib\1.6.20\kotlin-stdlib-1.6.20.jar;C:\Users\Teknotrait Solutions\.m2\repository\org\jetbrains\kotlin\kotlin-stdlib-common\1.6.20\kotlin-stdlib-common-1.6.20.jar;C:\Users\Teknotrait Solutions\.m2\repository\org\jetbrains\annotations\13.0\annotations-13.0.jar;C:\Users\Teknotrait Solutions\.m2\repository\org\jetbrains\kotlin\kotlin-stdlib-jdk8\1.6.20\kotlin-stdlib-jdk8-1.6.20.jar;C:\Users\Teknotrait Solutions\.m2\repository\org\jetbrains\kotlin\kotlin-stdlib-jdk7\1.6.20\kotlin-stdlib-jdk7-1.6.20.jar;C:\Users\Teknotrait Solutions\.m2\repository\com\squareup\retrofit2\retrofit\2.9.0\retrofit-2.9.0.jar;C:\Users\Teknotrait Solutions\.m2\repository\com\squareup\okhttp3\logging-interceptor\4.11.0\logging-interceptor-4.11.0.jar;C:\Users\Teknotrait Solutions\.m2\repository\org\apache\commons\commons-csv\1.10.0\commons-csv-1.10.0.jar;C:\Users\Teknotrait Solutions\.m2\repository\com\squareup\retrofit2\adapter-rxjava3\2.9.0\adapter-rxjava3-2.9.0.jar;C:\Users\Teknotrait Solutions\.m2\repository\com\squareup\retrofit2\converter-scalars\2.9.0\converter-scalars-2.9.0.jar;C:\Users\Teknotrait Solutions\.m2\repository\com\squareup\retrofit2\converter-gson\2.9.0\converter-gson-2.9.0.jar;C:\Users\Teknotrait Solutions\.m2\repository\com\google\code\findbugs\jsr305\3.0.2\jsr305-3.0.2.jar;C:\Users\Teknotrait Solutions\.m2\repository\junit\junit\3.8.1\junit-3.8.1.jar;"/>
    <property name="sun.cpu.endian" value="little"/>
    <property name="user.home" value="C:\Users\Teknotrait Solutions"/>
    <property name="user.language" value="en"/>
    <property name="java.specification.vendor" value="Oracle Corporation"/>
    <property name="java.version.date" value="2025-04-15"/>
    <property name="java.home" value="C:\Program Files\Java\jdk-17"/>
    <property name="file.separator" value="\"/>
    <property name="basedir" value="C:\Users\Teknotrait Solutions\eclipse-workspace\Abinaya\tekno-automate"/>
    <property name="java.vm.compressedOopsMode" value="Zero based"/>
    <property name="line.separator" value="&#10;"/>
    <property name="java.vm.specification.vendor" value="Oracle Corporation"/>
    <property name="java.specification.name" value="Java Platform API Specification"/>
    <property name="surefire.real.class.path" value="C:\Users\Teknotrait Solutions\AppData\Local\Temp\surefire15020689290044253866\surefirebooter-20250806181409147_3.jar"/>
    <property name="user.script" value=""/>
    <property name="sun.management.compiler" value="HotSpot 64-Bit Tiered Compilers"/>
    <property name="java.runtime.version" value="17.0.15+9-LTS-241"/>
    <property name="user.name" value="Teknotrait Solutions"/>
    <property name="path.separator" value=";"/>
    <property name="os.version" value="10.0"/>
    <property name="java.runtime.name" value="Java(TM) SE Runtime Environment"/>
    <property name="file.encoding" value="Cp1252"/>
    <property name="browser" value="firefox"/>
    <property name="java.vm.name" value="Java HotSpot(TM) 64-Bit Server VM"/>
    <property name="localRepository" value="C:\Users\Teknotrait Solutions\.m2\repository"/>
    <property name="java.vendor.url.bug" value="https://bugreport.java.com/bugreport/"/>
    <property name="java.io.tmpdir" value="C:\Users\TEKNOT~1\AppData\Local\Temp\"/>
    <property name="java.version" value="17.0.15"/>
    <property name="user.dir" value="C:\Users\Teknotrait Solutions\eclipse-workspace\Abinaya\tekno-automate"/>
    <property name="os.arch" value="amd64"/>
    <property name="webdriver.gecko.driver" value="C:\Users\Teknotrait Solutions\.cache\selenium\geckodriver\win64\0.36.0\geckodriver.exe"/>
    <property name="java.vm.specification.name" value="Java Virtual Machine Specification"/>
    <property name="sun.os.patch.level" value=""/>
    <property name="native.encoding" value="Cp1252"/>
    <property name="baseUrl" value="https://labs.classadia.com"/>
    <property name="java.library.path" value="C:\Program Files\Java\jdk-17\bin;C:\WINDOWS\Sun\Java\bin;C:\WINDOWS\system32;C:\WINDOWS;C:\Program Files\Common Files\Oracle\Java\javapath;C:\Program Files (x86)\Common Files\Oracle\Java\java8path;C:\Program Files (x86)\Common Files\Oracle\Java\javapath;C:\WINDOWS\system32;C:\WINDOWS;C:\WINDOWS\System32\Wbem;C:\WINDOWS\System32\WindowsPowerShell\v1.0\;C:\WINDOWS\System32\OpenSSH\;C:\Program Files\Intel\WiFi\bin\;C:\Program Files\Common Files\Intel\WirelessCommon\;C:\Program Files\Apache\apache-maven-3.9.10\bin;C:\Program Files\Google\Chrome\Application;C:\Program Files\nodejs\;C:\Program Files\Git\cmd;C:\Users\Teknotrait Solutions\AppData\Local\Microsoft\WindowsApps;C:\Users\Teknotrait Solutions\AppData\Roaming\npm;C:\Users\Teknotrait Solutions\AppData\Local\Programs\Microsoft VS Code\bin;."/>
    <property name="java.vm.info" value="mixed mode, sharing"/>
    <property name="java.vendor" value="Oracle Corporation"/>
    <property name="java.vm.version" value="17.0.15+9-LTS-241"/>
    <property name="java.specification.maintenance.version" value="1"/>
    <property name="sun.io.unicode.encoding" value="UnicodeLittle"/>
    <property name="java.class.version" value="61.0"/>
  </properties>
  <testcase name="runScenario[&quot;Add New Student&quot;, &quot;Framework Enhancement test&quot;](1)" classname="com.teknotrait.webautomation.runner.TestRunner" time="16.808">
    <system-out><![CDATA[18:14:11.397 [TestNG-PoolService-2] INFO  io.github.bonigarcia.wdm.WebDriverManager - Using geckodriver 0.36.0 (resolved driver for Firefox 141)
18:14:11.397 [TestNG-PoolService-1] INFO  io.github.bonigarcia.wdm.WebDriverManager - Using geckodriver 0.36.0 (resolved driver for Firefox 141)
18:14:11.446 [TestNG-PoolService-2] INFO  io.github.bonigarcia.wdm.WebDriverManager - Exporting webdriver.gecko.driver as C:\Users\Teknotrait Solutions\.cache\selenium\geckodriver\win64\0.36.0\geckodriver.exe
18:14:11.446 [TestNG-PoolService-1] INFO  io.github.bonigarcia.wdm.WebDriverManager - Exporting webdriver.gecko.driver as C:\Users\Teknotrait Solutions\.cache\selenium\geckodriver\win64\0.36.0\geckodriver.exe
18:14:19.493 [TestNG-PoolService-2] INFO  com.teknotrait.webautomation.stepDefinitions.Test1 - Application Launched successfully with Valid Credentials
18:14:20.153 [TestNG-PoolService-1] INFO  com.teknotrait.webautomation.stepDefinitions.Test1 - Application Launched successfully with Valid Credentials
18:14:20.635 [TestNG-PoolService-2] INFO  com.teknotrait.webautomation.stepDefinitions.Test2 - Selected My school successfully
18:14:20.928 [TestNG-PoolService-2] INFO  com.teknotrait.webautomation.stepDefinitions.Test2 - Selected My student successfully
18:14:20.928 [TestNG-PoolService-2] INFO  com.teknotrait.webautomation.stepDefinitions.Test2 - Status is clicked
18:14:21.354 [TestNG-PoolService-1] INFO  com.teknotrait.webautomation.stepDefinitions.Test1 - Selected My school successfully
18:14:21.557 [TestNG-PoolService-1] INFO  com.teknotrait.webautomation.stepDefinitions.Test1 - Selected Students successfully
18:14:22.233 [TestNG-PoolService-1] INFO  com.teknotrait.webautomation.stepDefinitions.Test1 - Add New Student button selected successfully
Select Level[[FirefoxDriver: firefox on windows (8c4b9eef-935c-4b49-87dd-3c58bd7bb971)] -> xpath: //div[@class='input-filed']//select[contains(@class,'select-dropdown form-select custom-input')]]
18:14:24.890 [TestNG-PoolService-1] INFO  com.teknotrait.webautomation.stepDefinitions.Test1 - Student Details are added successfully
✅ Student 'John Doe' successfully created and verified.
18:14:26.004 [TestNG-PoolService-1] INFO  com.teknotrait.webautomation.stepDefinitions.Test1 - Student Details are verified successfully
 Line Protocol: test_results,feature=Add_New_Student,status=pass duration=15037i,errorMessage="",testName="Add New Student" 1754484266355
✅ Point sent to InfluxDB successfully.
Checking log file: C:\Users\Teknotrait Solutions\eclipse-workspace\Abinaya\tekno-automate\logs\Add_New_Student_20250806_181410.log
Exists: true
]]></system-out>
  </testcase>
  <testcase name="runScenario[&quot;Verify Active / Inactive Filter features on Student Page&quot;, &quot;Framework Enhancement test&quot;](2)" classname="com.teknotrait.webautomation.runner.TestRunner" time="31.389">
    <failure message="Cannot invoke &quot;org.openqa.selenium.WebDriver.getClass()&quot; because &quot;exceptionDriver&quot; is null" type="java.lang.NullPointerException"><![CDATA[java.lang.NullPointerException: Cannot invoke "org.openqa.selenium.WebDriver.getClass()" because "exceptionDriver" is null
	at org.openqa.selenium.support.ui.WebDriverWait.timeoutException(WebDriverWait.java:85)
	at org.openqa.selenium.support.ui.FluentWait.until(FluentWait.java:228)
	at com.teknotrait.webautomation.webActions.WebPageActions.waitForElementToBeClickable(WebPageActions.java:580)
	at com.teknotrait.webautomation.pages.HomePage.inActiveStatus(HomePage.java:70)
	at com.teknotrait.webautomation.stepDefinitions.Test2.verify_all_the_records_displayed_should_be_inactive(Test2.java:45)
	at ✽.Verify all the records displayed should be inactive(file:///C:/Users/Teknotrait%20Solutions/eclipse-workspace/Abinaya/tekno-automate/src/test/resources/featureFile/Test2.feature:28)
]]></failure>
    <system-out><![CDATA[ Line Protocol: test_results,feature=Verify_Active___Inactive_Filter_features_on_Student_Page,status=fail duration=30034i,errorMessage="FAILED",testName="Verify Active / Inactive Filter features on Student Page" 1754484281004
✅ Point sent to InfluxDB successfully.
Checking log file: C:\Users\Teknotrait Solutions\eclipse-workspace\Abinaya\tekno-automate\logs\Verify_Active___Inactive_Filter_features_on_Student_Page_20250806_181410.log
Exists: true
]]></system-out>
  </testcase>
</testsuite>